<?xml version="1.0" encoding="UTF-8"?>
<testng-results skipped="0" failed="0" total="1" passed="1">
  <reporter-output>
  </reporter-output>
  <suite name="Suite" duration-ms="7755" started-at="2019-03-14T01:14:13Z" finished-at="2019-03-14T01:14:21Z">
    <groups>
    </groups>
    <test name="Test" duration-ms="7755" started-at="2019-03-14T01:14:13Z" finished-at="2019-03-14T01:14:21Z">
      <class name="testbaidu.testBaidu">
        <test-method status="PASS" signature="openchrome()[pri:0, instance:testbaidu.testBaidu@33e5ccce]" name="openchrome" is-config="true" duration-ms="4418" started-at="2019-03-14T09:14:13Z" finished-at="2019-03-14T09:14:18Z">
          <reporter-output>
          </reporter-output>
        </test-method> <!-- openchrome -->
        <test-method status="PASS" signature="tuo()[pri:0, instance:testbaidu.testBaidu@33e5ccce]" name="tuo" duration-ms="3309" started-at="2019-03-14T09:14:18Z" finished-at="2019-03-14T09:14:21Z">
          <reporter-output>
          </reporter-output>
        </test-method> <!-- tuo -->
      </class> <!-- testbaidu.testBaidu -->
    </test> <!-- Test -->
  </suite> <!-- Suite -->
</testng-results>
