<?xml version="1.0" encoding="UTF-8"?>
<testng-results skipped="0" failed="0" total="1" passed="1">
  <reporter-output>
  </reporter-output>
  <suite name="Suite" duration-ms="5687" started-at="2019-03-14T01:02:23Z" finished-at="2019-03-14T01:02:29Z">
    <groups>
    </groups>
    <test name="Test" duration-ms="5687" started-at="2019-03-14T01:02:23Z" finished-at="2019-03-14T01:02:29Z">
      <class name="testbaidu.testBaidu">
        <test-method status="PASS" signature="openchrome()[pri:0, instance:testbaidu.testBaidu@c39f790]" name="openchrome" is-config="true" duration-ms="3305" started-at="2019-03-14T09:02:23Z" finished-at="2019-03-14T09:02:26Z">
          <reporter-output>
          </reporter-output>
        </test-method> <!-- openchrome -->
        <test-method status="PASS" signature="tuo()[pri:0, instance:testbaidu.testBaidu@c39f790]" name="tuo" duration-ms="2357" started-at="2019-03-14T09:02:26Z" finished-at="2019-03-14T09:02:29Z">
          <reporter-output>
          </reporter-output>
        </test-method> <!-- tuo -->
      </class> <!-- testbaidu.testBaidu -->
    </test> <!-- Test -->
  </suite> <!-- Suite -->
</testng-results>
