<?xml version="1.0" encoding="UTF-8"?>
<testng-results skipped="0" failed="0" total="1" passed="1">
  <reporter-output>
  </reporter-output>
  <suite name="Suite" duration-ms="10506" started-at="2019-03-20T00:57:14Z" finished-at="2019-03-20T00:57:25Z">
    <groups>
    </groups>
    <test name="Test" duration-ms="10506" started-at="2019-03-20T00:57:14Z" finished-at="2019-03-20T00:57:25Z">
      <class name="testbaidu.testBaidu">
        <test-method status="PASS" signature="openchrome()[pri:0, instance:testbaidu.testBaidu@33e5ccce]" name="openchrome" is-config="true" duration-ms="3294" started-at="2019-03-20T08:57:14Z" finished-at="2019-03-20T08:57:18Z">
          <reporter-output>
          </reporter-output>
        </test-method> <!-- openchrome -->
        <test-method status="PASS" signature="tuo()[pri:0, instance:testbaidu.testBaidu@33e5ccce]" name="tuo" duration-ms="7185" started-at="2019-03-20T08:57:18Z" finished-at="2019-03-20T08:57:25Z">
          <reporter-output>
          </reporter-output>
        </test-method> <!-- tuo -->
      </class> <!-- testbaidu.testBaidu -->
    </test> <!-- Test -->
  </suite> <!-- Suite -->
</testng-results>
